Build started 24-05-2023 10:51:53.
     1>Project "C:\Users\krish\Documents\Visual Studio 2010\Projects\Leaky_Bucket\Leaky_Bucket\Leaky_Bucket.vcxproj" on node 2 (build target(s)).
     1>InitializeBuildStatus:
         Creating "Debug\Leaky_Bucket.unsuccessfulbuild" because "AlwaysCreate" was specified.
       ClCompile:
         C:\Program Files (x86)\Microsoft Visual Studio 10.0\VC\bin\CL.exe /c /ZI /nologo /W3 /WX- /Od /Oy- /D _MBCS /Gm /EHsc /RTC1 /MDd /GS /fp:precise /Zc:wchar_t /Zc:forScope /Fo"Debug\\" /Fd"Debug\vc100.pdb" /Gd /TP /analyze- /errorReport:prompt leakybucket.cpp
         leakybucket.cpp
     1>c:\users\krish\documents\visual studio 2010\projects\leaky_bucket\leaky_bucket\leakybucket.cpp(169): warning C4996: 'sprintf': This function or variable may be unsafe. Consider using sprintf_s instead. To disable deprecation, use _CRT_SECURE_NO_WARNINGS. See online help for details.
                 c:\program files (x86)\microsoft visual studio 10.0\vc\include\stdio.h(371) : see declaration of 'sprintf'
     1>c:\users\krish\documents\visual studio 2010\projects\leaky_bucket\leaky_bucket\leakybucket.cpp(172): warning C4996: 'strcpy': This function or variable may be unsafe. Consider using strcpy_s instead. To disable deprecation, use _CRT_SECURE_NO_WARNINGS. See online help for details.
                 c:\program files (x86)\microsoft visual studio 10.0\vc\include\string.h(105) : see declaration of 'strcpy'
     1>c:\users\krish\documents\visual studio 2010\projects\leaky_bucket\leaky_bucket\leakybucket.cpp(190): warning C4996: 'sprintf': This function or variable may be unsafe. Consider using sprintf_s instead. To disable deprecation, use _CRT_SECURE_NO_WARNINGS. See online help for details.
                 c:\program files (x86)\microsoft visual studio 10.0\vc\include\stdio.h(371) : see declaration of 'sprintf'
     1>c:\users\krish\documents\visual studio 2010\projects\leaky_bucket\leaky_bucket\leakybucket.cpp(193): warning C4996: 'strcpy': This function or variable may be unsafe. Consider using strcpy_s instead. To disable deprecation, use _CRT_SECURE_NO_WARNINGS. See online help for details.
                 c:\program files (x86)\microsoft visual studio 10.0\vc\include\string.h(105) : see declaration of 'strcpy'
     1>c:\users\krish\documents\visual studio 2010\projects\leaky_bucket\leaky_bucket\leakybucket.cpp(209): warning C4996: 'sprintf': This function or variable may be unsafe. Consider using sprintf_s instead. To disable deprecation, use _CRT_SECURE_NO_WARNINGS. See online help for details.
                 c:\program files (x86)\microsoft visual studio 10.0\vc\include\stdio.h(371) : see declaration of 'sprintf'
     1>c:\users\krish\documents\visual studio 2010\projects\leaky_bucket\leaky_bucket\leakybucket.cpp(213): warning C4996: 'strcpy': This function or variable may be unsafe. Consider using strcpy_s instead. To disable deprecation, use _CRT_SECURE_NO_WARNINGS. See online help for details.
                 c:\program files (x86)\microsoft visual studio 10.0\vc\include\string.h(105) : see declaration of 'strcpy'
     1>c:\users\krish\documents\visual studio 2010\projects\leaky_bucket\leaky_bucket\leakybucket.cpp(455): warning C4996: 'scanf': This function or variable may be unsafe. Consider using scanf_s instead. To disable deprecation, use _CRT_SECURE_NO_WARNINGS. See online help for details.
                 c:\program files (x86)\microsoft visual studio 10.0\vc\include\stdio.h(304) : see declaration of 'scanf'
     1>c:\users\krish\documents\visual studio 2010\projects\leaky_bucket\leaky_bucket\leakybucket.cpp(457): warning C4996: 'scanf': This function or variable may be unsafe. Consider using scanf_s instead. To disable deprecation, use _CRT_SECURE_NO_WARNINGS. See online help for details.
                 c:\program files (x86)\microsoft visual studio 10.0\vc\include\stdio.h(304) : see declaration of 'scanf'
     1>c:\users\krish\documents\visual studio 2010\projects\leaky_bucket\leaky_bucket\leakybucket.cpp(476): warning C4996: 'scanf': This function or variable may be unsafe. Consider using scanf_s instead. To disable deprecation, use _CRT_SECURE_NO_WARNINGS. See online help for details.
                 c:\program files (x86)\microsoft visual studio 10.0\vc\include\stdio.h(304) : see declaration of 'scanf'
     1>c:\users\krish\documents\visual studio 2010\projects\leaky_bucket\leaky_bucket\leakybucket.cpp(480): warning C4996: 'scanf': This function or variable may be unsafe. Consider using scanf_s instead. To disable deprecation, use _CRT_SECURE_NO_WARNINGS. See online help for details.
                 c:\program files (x86)\microsoft visual studio 10.0\vc\include\stdio.h(304) : see declaration of 'scanf'
       Link:
         C:\Program Files (x86)\Microsoft Visual Studio 10.0\VC\bin\link.exe /ERRORREPORT:PROMPT /OUT:"C:\Users\krish\Documents\Visual Studio 2010\Projects\Leaky_Bucket\Debug\Leaky_Bucket.exe" /NOLOGO kernel32.lib user32.lib gdi32.lib winspool.lib comdlg32.lib advapi32.lib shell32.lib ole32.lib oleaut32.lib uuid.lib odbc32.lib odbccp32.lib /MANIFEST /ManifestFile:"Debug\Leaky_Bucket.exe.intermediate.manifest" /MANIFESTUAC:"level='asInvoker' uiAccess='false'" /DEBUG /PDB:"C:\Users\krish\Documents\Visual Studio 2010\Projects\Leaky_Bucket\Debug\Leaky_Bucket.pdb" /TLBID:1 /DYNAMICBASE /NXCOMPAT /IMPLIB:"C:\Users\krish\Documents\Visual Studio 2010\Projects\Leaky_Bucket\Debug\Leaky_Bucket.lib" /MACHINE:X86 Debug\leakybucket.obj
         LINK : C:\Users\krish\Documents\Visual Studio 2010\Projects\Leaky_Bucket\Debug\Leaky_Bucket.exe not found or not built by the last incremental link; performing full link
         Leaky_Bucket.vcxproj -> C:\Users\krish\Documents\Visual Studio 2010\Projects\Leaky_Bucket\Debug\Leaky_Bucket.exe
       Manifest:
         C:\Program Files (x86)\Microsoft SDKs\Windows\v7.0A\bin\mt.exe /nologo /verbose /outputresource:"C:\Users\krish\Documents\Visual Studio 2010\Projects\Leaky_Bucket\Debug\Leaky_Bucket.exe;#1" /manifest Debug\Leaky_Bucket.exe.intermediate.manifest
       FinalizeBuildStatus:
         Deleting file "Debug\Leaky_Bucket.unsuccessfulbuild".
         Touching "Debug\Leaky_Bucket.lastbuildstate".
     1>Done Building Project "C:\Users\krish\Documents\Visual Studio 2010\Projects\Leaky_Bucket\Leaky_Bucket\Leaky_Bucket.vcxproj" (build target(s)).

Build succeeded.

Time Elapsed 00:00:01.84
